<?xml version="1.0" encoding="UTF-8"?>
<testng-results skipped="0" failed="0" ignored="0" total="1" passed="1">
  <reporter-output>
  </reporter-output>
  <suite name="Default suite" duration-ms="3089" started-at="2019-11-14T00:23:54 IST" finished-at="2019-11-14T00:23:57 IST">
    <groups>
    </groups>
    <test name="Default test" duration-ms="3089" started-at="2019-11-14T00:23:54 IST" finished-at="2019-11-14T00:23:57 IST">
      <class name="practise.HandlingLinks">
        <test-method status="PASS" signature="doBeforeSuite()[pri:0, instance:practise.HandlingLinks@709393]" name="doBeforeSuite" is-config="true" duration-ms="4359" started-at="2019-11-14T00:23:50 IST" finished-at="2019-11-14T00:23:54 IST">
          <reporter-output>
          </reporter-output>
        </test-method> <!-- doBeforeSuite -->
        <test-method status="PASS" signature="provideData()[pri:0, instance:practise.HandlingLinks@709393]" name="provideData" is-config="true" duration-ms="1" started-at="2019-11-14T00:23:54 IST" finished-at="2019-11-14T00:23:54 IST">
          <reporter-output>
          </reporter-output>
        </test-method> <!-- provideData -->
        <test-method status="PASS" signature="links()[pri:0, instance:practise.HandlingLinks@709393]" name="links" duration-ms="3050" started-at="2019-11-14T00:23:54 IST" finished-at="2019-11-14T00:23:57 IST">
          <reporter-output>
          </reporter-output>
        </test-method> <!-- links -->
        <test-method status="PASS" signature="doAfterSuite()[pri:0, instance:practise.HandlingLinks@709393]" name="doAfterSuite" is-config="true" duration-ms="104" started-at="2019-11-14T00:23:57 IST" finished-at="2019-11-14T00:23:57 IST">
          <reporter-output>
          </reporter-output>
        </test-method> <!-- doAfterSuite -->
      </class> <!-- practise.HandlingLinks -->
    </test> <!-- Default test -->
  </suite> <!-- Default suite -->
</testng-results>
